<?xml version="1.0" encoding="UTF-8"?>
<!-- Generated by org.testng.reporters.JUnitReportReporter -->
<testsuite hostname="DESKTOP-52MF2DD" failures="0" tests="3" name="runner.TestRunner" time="42.610" errors="0" timestamp="2025-03-11T09:22:13 IST" skipped="0">
  <testcase classname="runner.TestRunner" name="runScenario" time="13.657"/>
  <system-out/>
  <testcase classname="runner.TestRunner" name="runScenario" time="10.237"/>
  <system-out/>
  <testcase classname="runner.TestRunner" name="runScenario" time="18.716"/>
  <system-out/>
</testsuite> <!-- runner.TestRunner -->
